2016-10-28 下午8:45:11 [log] 加载LOG服务。
2016-10-28 下午8:45:11 [log] 读取设置中...
2016-10-28 下午8:45:11 [log] 读取设置完毕。
2016-10-28 下午8:45:11 [log] 设置全局字体...
2016-10-28 下午8:45:11 [log] 设置全局字体：设置的字体为：微软雅黑
2016-10-28 下午8:45:11 [log] 设置全局字体：设置Label中...
2016-10-28 下午8:45:11 [log] 设置全局字体：设置CheckBox中...
2016-10-28 下午8:45:11 [log] 设置全局字体：设置PopupMenu中...
2016-10-28 下午8:45:11 [log] 设置全局字体：设置MenuItem中...
2016-10-28 下午8:45:11 [log] 设置全局字体：设置CheckBoxMenuItem中...
2016-10-28 下午8:45:11 [log] 设置全局字体：设置JRadioButtonMenuItem中...
2016-10-28 下午8:45:11 [log] 设置全局字体：设置ComboBox中...
2016-10-28 下午8:45:11 [log] 设置全局字体：设置Button中...
2016-10-28 下午8:45:11 [log] 设置全局字体：设置Tree中...
2016-10-28 下午8:45:11 [log] 设置全局字体：设置ScrollPane中...
2016-10-28 下午8:45:11 [log] 设置全局字体：设置TabbedPane中...
2016-10-28 下午8:45:11 [log] 设置全局字体：设置EditorPane中...
2016-10-28 下午8:45:11 [log] 设置全局字体：设置TitledBorder中...
2016-10-28 下午8:45:11 [log] 设置全局字体：设置Menu中...
2016-10-28 下午8:45:11 [log] 设置全局字体：设置TextArea中...
2016-10-28 下午8:45:11 [log] 设置全局字体：设置OptionPane中...
2016-10-28 下午8:45:11 [log] 设置全局字体：设置MenuBar中...
2016-10-28 下午8:45:11 [log] 设置全局字体：设置ToolBar中...
2016-10-28 下午8:45:11 [log] 设置全局字体：设置ToggleButton中...
2016-10-28 下午8:45:11 [log] 设置全局字体：设置ToolTip中...
2016-10-28 下午8:45:11 [log] 设置全局字体：设置ProgressBar中...
2016-10-28 下午8:45:11 [log] 设置全局字体：设置TableHeader中...
2016-10-28 下午8:45:11 [log] 设置全局字体：设置Panel中...
2016-10-28 下午8:45:11 [log] 设置全局字体：设置List中...
2016-10-28 下午8:45:11 [log] 设置全局字体：设置ColorChooser中...
2016-10-28 下午8:45:11 [log] 设置全局字体：设置PasswordField中...
2016-10-28 下午8:45:11 [log] 设置全局字体：设置TextField中...
2016-10-28 下午8:45:11 [log] 设置全局字体：设置Table中...
2016-10-28 下午8:45:11 [log] 设置全局字体：设置Label中...
2016-10-28 下午8:45:11 [log] 设置全局字体：设置Viewport中...
2016-10-28 下午8:45:11 [log] 设置全局字体：设置RadioButtonMenuItem中...
2016-10-28 下午8:45:11 [log] 设置全局字体：设置RadioButton中...
2016-10-28 下午8:45:11 [log] 设置全局字体：设置DesktopPane中...
2016-10-28 下午8:45:11 [log] 设置全局字体：设置InternalFrame中...
2016-10-28 下午8:45:11 [log] 设置全局字体：全局字体设置完毕。
2016-10-28 下午8:45:11 [log] 设置界面样式...
2016-10-28 下午8:45:12 [log] 设置界面样式完毕。
2016-10-28 下午8:45:13 [log] 创建贴吧提示框中...
2016-10-28 下午8:45:13 [log] 创建贴吧提示框完毕。
2016-10-28 下午8:45:13 [log] 创建设置提示框中...
2016-10-28 下午8:45:15 [log] 创建主面板中...
2016-10-28 下午8:45:15 [log] 创建主面板：创建组件中...
2016-10-28 下午8:45:15 [log] 创建组件完毕。
